  main.cpp
C:\Users\Hp\source\repos\ProjektniPJ1\ProjektniPJ1\Tensor.h(74,33): warning C4244: 'argument': conversion from 'double' to '_Ty', possible loss of data
          with
          [
              _Ty=int
          ]
C:\Users\Hp\source\repos\ProjektniPJ1\ProjektniPJ1\Tensor.h(49): message : while compiling class template member function 'std::ifstream &operator >>(std::ifstream &,Tensor<int,1,2,3> &)'
C:\Users\Hp\source\repos\ProjektniPJ1\ProjektniPJ1\Graph.h(90): message : see reference to function template instantiation 'std::ifstream &operator >>(std::ifstream &,Tensor<int,1,2,3> &)' being compiled
C:\Users\Hp\source\repos\ProjektniPJ1\ProjektniPJ1\main.cpp(13): message : see reference to class template instantiation 'Tensor<int,1,2,3>' being compiled
C:\Users\Hp\source\repos\ProjektniPJ1\ProjektniPJ1\Tensor.h(258,18): warning C4244: 'argument': conversion from 'double' to '_Ty', possible loss of data
          with
          [
              _Ty=int
          ]
C:\Users\Hp\source\repos\ProjektniPJ1\ProjektniPJ1\Tensor.h(255): message : while compiling class template member function 'Tensor<int,1,2,3>::Tensor(double)'
C:\Users\Hp\source\repos\ProjektniPJ1\ProjektniPJ1\main.cpp(36): message : see reference to function template instantiation 'Tensor<int,1,2,3>::Tensor(double)' being compiled
C:\Users\Hp\source\repos\ProjektniPJ1\ProjektniPJ1\Tensor.h(404,20): warning C4018: '<': signed/unsigned mismatch
C:\Users\Hp\source\repos\ProjektniPJ1\ProjektniPJ1\Tensor.h(402): message : while compiling class template member function 'Tensor<int,1,2,3> Tensor<int,1,2,3>::operator +(const Tensor<int,1,2,3>) const'
C:\Users\Hp\source\repos\ProjektniPJ1\ProjektniPJ1\AddOperation.h(8): message : see reference to function template instantiation 'Tensor<int,1,2,3> Tensor<int,1,2,3>::operator +(const Tensor<int,1,2,3>) const' being compiled
C:\Users\Hp\source\repos\ProjektniPJ1\ProjektniPJ1\Tensor.h(424,20): warning C4018: '<': signed/unsigned mismatch
C:\Users\Hp\source\repos\ProjektniPJ1\ProjektniPJ1\Tensor.h(422): message : while compiling class template member function 'Tensor<int,1,2,3> Tensor<int,1,2,3>::operator *(const Tensor<int,1,2,3>) const'
C:\Users\Hp\source\repos\ProjektniPJ1\ProjektniPJ1\MultiplicationOperation.h(9): message : see reference to function template instantiation 'Tensor<int,1,2,3> Tensor<int,1,2,3>::operator *(const Tensor<int,1,2,3>) const' being compiled
  ProjektniPJ1.vcxproj -> C:\Users\Hp\source\repos\ProjektniPJ1\Debug\ProjektniPJ1.exe
